<?xml version="1.0" encoding="UTF-8"?>
<!-- Generated by org.testng.reporters.JUnitXMLReporter -->
<testsuite hostname="LIN80016025" ignored="0" name="Regression suite 1" tests="3" failures="0" timestamp="12 May 2018 10:38:20 GMT" time="13.771" errors="0">
  <testcase name="assignment_Meth" time="8.145" classname="Wikipedia.TestCases.Wiki_PositiveTest"/>
  <testcase name="wiki_NegTestMeth" time="4.661" classname="Wikipedia.TestCases.Wiki_NegativeTest"/>
  <testcase name="renderTestMeth" time="0.943" classname="Wikipedia.TestCases.Wiki_RenderTest"/>
</testsuite> <!-- Regression suite 1 -->
