<?xml version="1.0" encoding="UTF-8"?>
<testsuite xmlns:xsi="http://www.w3.org/2001/XMLSchema-instance" xsi:noNamespaceSchemaLocation="https://maven.apache.org/surefire/maven-surefire-plugin/xsd/surefire-test-report.xsd" name="TestSuite" time="14.124" tests="3" errors="0" skipped="0" failures="0">
  <properties>
[...]
</properties>
  <testcase name="assignment_Meth" classname="Wikipedia.TestCases.Wiki_PositiveTest" time="8.146"/>
  <testcase name="wiki_NegTestMeth" classname="Wikipedia.TestCases.Wiki_NegativeTest" time="4.66"/>
  <testcase name="renderTestMeth" classname="Wikipedia.TestCases.Wiki_RenderTest" time="0.943"/>
</testsuite>